<?xml version="1.0" encoding="UTF-8"?>
<testsuite name="Test"
           tests="5"
           failures="4"
           errors="0"
           skipped="0"
           time="42.777">
  <properties />
            <testcase name="loginErrorUser" time="7.664" classname="com.demo.autotest.cases.Login">
                <failure type="java.lang.Throwable"
                  message="(null)"
              >
<![CDATA[java.lang.Throwable
  
报错信息: 帐号对密码错误是否登录成功 expected [false] but found [true].
报错方法名:loginErrorUser(
报错类:Login
报错行号:27)
  com.demo.autotest.cases.Login.loginErrorUser(Login.java:27)
]]>
      </failure>

          </testcase>
            <testcase name="loginErrorNum" time="7.761" classname="com.demo.autotest.cases.Login">
                <failure type="java.lang.Throwable"
                  message="(null)"
              >
<![CDATA[java.lang.Throwable
  
报错信息: 帐号密码格式不对是否登录成功 expected [false] but found [true].
报错方法名:loginErrorNum(
报错类:Login
报错行号:37)
  com.demo.autotest.cases.Login.loginErrorNum(Login.java:37)
]]>
      </failure>

          </testcase>
            <testcase name="loginEmpty" time="8.773" classname="com.demo.autotest.cases.Login">
                <failure type="java.lang.Throwable"
                  message="(null)"
              >
<![CDATA[java.lang.Throwable
  
报错信息: 帐号密码为空是否登录成功 expected [false] but found [true].
报错方法名:loginEmpty(
报错类:Login
报错行号:59)
  com.demo.autotest.cases.Login.loginEmpty(Login.java:59)
]]>
      </failure>

          </testcase>
            <testcase name="loginChinese" time="9.355" classname="com.demo.autotest.cases.Login">
                <failure type="java.lang.Throwable"
                  message="(null)"
              >
<![CDATA[java.lang.Throwable
  
报错信息: 帐号密码为中文是否登录成功 expected [false] but found [true].
报错方法名:loginChinese(
报错类:Login
报错行号:48)
  com.demo.autotest.cases.Login.loginChinese(Login.java:48)
]]>
      </failure>

          </testcase>
  
  
            <testcase name="loginConfim" time="9.224" classname="com.demo.autotest.cases.Login" />
      
</testsuite>
