<?xml version="1.0" encoding="UTF-8"?>
<testsuite name="Test"
           tests="5"
           failures="0"
           errors="0"
           skipped="0"
           time="171.052">
  <properties />
  
  
            <testcase name="loginErrorUser" time="42.680" classname="com.demo.autotest.cases.Login" />
                <testcase name="loginErrorNum" time="39.230" classname="com.demo.autotest.cases.Login" />
                <testcase name="loginChinese" time="35.822" classname="com.demo.autotest.cases.Login" />
                <testcase name="loginConfim" time="21.130" classname="com.demo.autotest.cases.Login" />
                <testcase name="loginEmpty" time="32.190" classname="com.demo.autotest.cases.Login" />
      
</testsuite>
